   Qt/MSBuild: 3.4.0.1
  Reading Qt configuration (C:/Qt/6.9.1/msvc2022_64/bin/qmake)
   Qt: 6.9.1
  adminmainwindow.cpp
C:\Users\yangdoubao\Documents\GitHub\LibrarySystemQt\LibrarySystemQt\Book.h(1,1): warning C4828: 文件包含在偏移 0x5d 处开始的字符，该字符在当前源字符集中无效(代码页 65001)。
  (编译源文件“adminmainwindow.cpp”)
  
C:\Users\yangdoubao\Documents\GitHub\LibrarySystemQt\LibrarySystemQt\Book.h(1,1): warning C4828: 文件包含在偏移 0x5f 处开始的字符，该字符在当前源字符集中无效(代码页 65001)。
  (编译源文件“adminmainwindow.cpp”)
  
C:\Users\yangdoubao\Documents\GitHub\LibrarySystemQt\LibrarySystemQt\Book.h(1,1): warning C4828: 文件包含在偏移 0x60 处开始的字符，该字符在当前源字符集中无效(代码页 65001)。
  (编译源文件“adminmainwindow.cpp”)
  
C:\Users\yangdoubao\Documents\GitHub\LibrarySystemQt\LibrarySystemQt\Book.h(1,1): warning C4828: 文件包含在偏移 0x63 处开始的字符，该字符在当前源字符集中无效(代码页 65001)。
  (编译源文件“adminmainwindow.cpp”)
  
C:\Users\yangdoubao\Documents\GitHub\LibrarySystemQt\LibrarySystemQt\Book.h(1,1): warning C4828: 文件包含在偏移 0x64 处开始的字符，该字符在当前源字符集中无效(代码页 65001)。
  (编译源文件“adminmainwindow.cpp”)
  
C:\Users\yangdoubao\Documents\GitHub\LibrarySystemQt\LibrarySystemQt\Book.h(1,1): warning C4828: 文件包含在偏移 0x65 处开始的字符，该字符在当前源字符集中无效(代码页 65001)。
  (编译源文件“adminmainwindow.cpp”)
  
C:\Users\yangdoubao\Documents\GitHub\LibrarySystemQt\LibrarySystemQt\Book.h(1,1): warning C4828: 文件包含在偏移 0x66 处开始的字符，该字符在当前源字符集中无效(代码页 65001)。
  (编译源文件“adminmainwindow.cpp”)
  
C:\Users\yangdoubao\Documents\GitHub\LibrarySystemQt\LibrarySystemQt\Book.h(1,1): warning C4828: 文件包含在偏移 0x6a 处开始的字符，该字符在当前源字符集中无效(代码页 65001)。
  (编译源文件“adminmainwindow.cpp”)
  
C:\Users\yangdoubao\Documents\GitHub\LibrarySystemQt\LibrarySystemQt\Book.h(1,1): warning C4828: 文件包含在偏移 0x6b 处开始的字符，该字符在当前源字符集中无效(代码页 65001)。
  (编译源文件“adminmainwindow.cpp”)
  
C:\Users\yangdoubao\Documents\GitHub\LibrarySystemQt\LibrarySystemQt\Book.h(1,1): warning C4828: 文件包含在偏移 0x6d 处开始的字符，该字符在当前源字符集中无效(代码页 65001)。
  (编译源文件“adminmainwindow.cpp”)
  
C:\Users\yangdoubao\Documents\GitHub\LibrarySystemQt\LibrarySystemQt\Book.h(1,1): warning C4828: 文件包含在偏移 0x6e 处开始的字符，该字符在当前源字符集中无效(代码页 65001)。
  (编译源文件“adminmainwindow.cpp”)
  
C:\Users\yangdoubao\Documents\GitHub\LibrarySystemQt\LibrarySystemQt\Book.h(1,1): warning C4828: 文件包含在偏移 0x72 处开始的字符，该字符在当前源字符集中无效(代码页 65001)。
  (编译源文件“adminmainwindow.cpp”)
  
C:\Users\yangdoubao\Documents\GitHub\LibrarySystemQt\LibrarySystemQt\Book.h(1,1): warning C4828: 文件包含在偏移 0xed 处开始的字符，该字符在当前源字符集中无效(代码页 65001)。
  (编译源文件“adminmainwindow.cpp”)
  
C:\Users\yangdoubao\Documents\GitHub\LibrarySystemQt\LibrarySystemQt\Book.h(1,1): warning C4828: 文件包含在偏移 0xef 处开始的字符，该字符在当前源字符集中无效(代码页 65001)。
  (编译源文件“adminmainwindow.cpp”)
  
C:\Users\yangdoubao\Documents\GitHub\LibrarySystemQt\LibrarySystemQt\Book.h(1,1): warning C4828: 文件包含在偏移 0xf4 处开始的字符，该字符在当前源字符集中无效(代码页 65001)。
  (编译源文件“adminmainwindow.cpp”)
  
C:\Users\yangdoubao\Documents\GitHub\LibrarySystemQt\LibrarySystemQt\Book.h(1,1): warning C4828: 文件包含在偏移 0x10e 处开始的字符，该字符在当前源字符集中无效(代码页 65001)。
  (编译源文件“adminmainwindow.cpp”)
  
C:\Users\yangdoubao\Documents\GitHub\LibrarySystemQt\LibrarySystemQt\Book.h(1,1): warning C4828: 文件包含在偏移 0x110 处开始的字符，该字符在当前源字符集中无效(代码页 65001)。
  (编译源文件“adminmainwindow.cpp”)
  
C:\Users\yangdoubao\Documents\GitHub\LibrarySystemQt\LibrarySystemQt\Book.h(1,1): warning C4828: 文件包含在偏移 0x114 处开始的字符，该字符在当前源字符集中无效(代码页 65001)。
  (编译源文件“adminmainwindow.cpp”)
  
C:\Users\yangdoubao\Documents\GitHub\LibrarySystemQt\LibrarySystemQt\Book.h(1,1): warning C4828: 文件包含在偏移 0x115 处开始的字符，该字符在当前源字符集中无效(代码页 65001)。
  (编译源文件“adminmainwindow.cpp”)
  
C:\Users\yangdoubao\Documents\GitHub\LibrarySystemQt\LibrarySystemQt\Book.h(1,1): warning C4828: 文件包含在偏移 0x118 处开始的字符，该字符在当前源字符集中无效(代码页 65001)。
  (编译源文件“adminmainwindow.cpp”)
  
C:\Users\yangdoubao\Documents\GitHub\LibrarySystemQt\LibrarySystemQt\Book.h(1,1): warning C4828: 文件包含在偏移 0x11a 处开始的字符，该字符在当前源字符集中无效(代码页 65001)。
  (编译源文件“adminmainwindow.cpp”)
  
C:\Users\yangdoubao\Documents\GitHub\LibrarySystemQt\LibrarySystemQt\Book.h(1,1): warning C4828: 文件包含在偏移 0x11b 处开始的字符，该字符在当前源字符集中无效(代码页 65001)。
  (编译源文件“adminmainwindow.cpp”)
  
C:\Users\yangdoubao\Documents\GitHub\LibrarySystemQt\LibrarySystemQt\Book.h(1,1): warning C4828: 文件包含在偏移 0x11d 处开始的字符，该字符在当前源字符集中无效(代码页 65001)。
  (编译源文件“adminmainwindow.cpp”)
  
C:\Users\yangdoubao\Documents\GitHub\LibrarySystemQt\LibrarySystemQt\Book.h(1,1): warning C4828: 文件包含在偏移 0x11e 处开始的字符，该字符在当前源字符集中无效(代码页 65001)。
  (编译源文件“adminmainwindow.cpp”)
  
C:\Users\yangdoubao\Documents\GitHub\LibrarySystemQt\LibrarySystemQt\Book.h(1,1): warning C4828: 文件包含在偏移 0x13b 处开始的字符，该字符在当前源字符集中无效(代码页 65001)。
  (编译源文件“adminmainwindow.cpp”)
  
C:\Users\yangdoubao\Documents\GitHub\LibrarySystemQt\LibrarySystemQt\Book.h(1,1): warning C4828: 文件包含在偏移 0x13c 处开始的字符，该字符在当前源字符集中无效(代码页 65001)。
  (编译源文件“adminmainwindow.cpp”)
  
C:\Users\yangdoubao\Documents\GitHub\LibrarySystemQt\LibrarySystemQt\Book.h(1,1): warning C4828: 文件包含在偏移 0x141 处开始的字符，该字符在当前源字符集中无效(代码页 65001)。
  (编译源文件“adminmainwindow.cpp”)
  
C:\Users\yangdoubao\Documents\GitHub\LibrarySystemQt\LibrarySystemQt\Book.h(1,1): warning C4828: 文件包含在偏移 0x143 处开始的字符，该字符在当前源字符集中无效(代码页 65001)。
  (编译源文件“adminmainwindow.cpp”)
  
C:\Users\yangdoubao\Documents\GitHub\LibrarySystemQt\LibrarySystemQt\Book.h(1,1): warning C4828: 文件包含在偏移 0x144 处开始的字符，该字符在当前源字符集中无效(代码页 65001)。
  (编译源文件“adminmainwindow.cpp”)
  
C:\Users\yangdoubao\Documents\GitHub\LibrarySystemQt\LibrarySystemQt\Book.h(1,1): warning C4828: 文件包含在偏移 0x145 处开始的字符，该字符在当前源字符集中无效(代码页 65001)。
  (编译源文件“adminmainwindow.cpp”)
  
C:\Users\yangdoubao\Documents\GitHub\LibrarySystemQt\LibrarySystemQt\Book.h(1,1): warning C4828: 文件包含在偏移 0x147 处开始的字符，该字符在当前源字符集中无效(代码页 65001)。
  (编译源文件“adminmainwindow.cpp”)
  
C:\Users\yangdoubao\Documents\GitHub\LibrarySystemQt\LibrarySystemQt\Book.h(1,1): warning C4828: 文件包含在偏移 0x148 处开始的字符，该字符在当前源字符集中无效(代码页 65001)。
  (编译源文件“adminmainwindow.cpp”)
  
C:\Users\yangdoubao\Documents\GitHub\LibrarySystemQt\LibrarySystemQt\Book.h(1,1): warning C4828: 文件包含在偏移 0x151 处开始的字符，该字符在当前源字符集中无效(代码页 65001)。
  (编译源文件“adminmainwindow.cpp”)
  
C:\Users\yangdoubao\Documents\GitHub\LibrarySystemQt\LibrarySystemQt\Book.h(1,1): warning C4828: 文件包含在偏移 0x152 处开始的字符，该字符在当前源字符集中无效(代码页 65001)。
  (编译源文件“adminmainwindow.cpp”)
  
C:\Users\yangdoubao\Documents\GitHub\LibrarySystemQt\LibrarySystemQt\Book.h(1,1): warning C4828: 文件包含在偏移 0x155 处开始的字符，该字符在当前源字符集中无效(代码页 65001)。
  (编译源文件“adminmainwindow.cpp”)
  
C:\Users\yangdoubao\Documents\GitHub\LibrarySystemQt\LibrarySystemQt\Book.h(1,1): warning C4828: 文件包含在偏移 0x156 处开始的字符，该字符在当前源字符集中无效(代码页 65001)。
  (编译源文件“adminmainwindow.cpp”)
  
C:\Users\yangdoubao\Documents\GitHub\LibrarySystemQt\LibrarySystemQt\Book.h(1,1): warning C4828: 文件包含在偏移 0x159 处开始的字符，该字符在当前源字符集中无效(代码页 65001)。
  (编译源文件“adminmainwindow.cpp”)
  
C:\Users\yangdoubao\Documents\GitHub\LibrarySystemQt\LibrarySystemQt\Book.h(1,1): warning C4828: 文件包含在偏移 0x15a 处开始的字符，该字符在当前源字符集中无效(代码页 65001)。
  (编译源文件“adminmainwindow.cpp”)
  
C:\Users\yangdoubao\Documents\GitHub\LibrarySystemQt\LibrarySystemQt\Book.h(1,1): warning C4828: 文件包含在偏移 0x166 处开始的字符，该字符在当前源字符集中无效(代码页 65001)。
  (编译源文件“adminmainwindow.cpp”)
  
C:\Users\yangdoubao\Documents\GitHub\LibrarySystemQt\LibrarySystemQt\Book.h(1,1): warning C4828: 文件包含在偏移 0x167 处开始的字符，该字符在当前源字符集中无效(代码页 65001)。
  (编译源文件“adminmainwindow.cpp”)
  
C:\Users\yangdoubao\Documents\GitHub\LibrarySystemQt\LibrarySystemQt\Book.h(1,1): warning C4828: 文件包含在偏移 0x16a 处开始的字符，该字符在当前源字符集中无效(代码页 65001)。
  (编译源文件“adminmainwindow.cpp”)
  
C:\Users\yangdoubao\Documents\GitHub\LibrarySystemQt\LibrarySystemQt\Book.h(1,1): warning C4828: 文件包含在偏移 0x16b 处开始的字符，该字符在当前源字符集中无效(代码页 65001)。
  (编译源文件“adminmainwindow.cpp”)
  
C:\Users\yangdoubao\Documents\GitHub\LibrarySystemQt\LibrarySystemQt\Book.h(1,1): warning C4828: 文件包含在偏移 0x16e 处开始的字符，该字符在当前源字符集中无效(代码页 65001)。
  (编译源文件“adminmainwindow.cpp”)
  
C:\Users\yangdoubao\Documents\GitHub\LibrarySystemQt\LibrarySystemQt\Book.h(1,1): warning C4828: 文件包含在偏移 0x16f 处开始的字符，该字符在当前源字符集中无效(代码页 65001)。
  (编译源文件“adminmainwindow.cpp”)
  
C:\Users\yangdoubao\Documents\GitHub\LibrarySystemQt\LibrarySystemQt\Book.h(1,1): warning C4828: 文件包含在偏移 0x172 处开始的字符，该字符在当前源字符集中无效(代码页 65001)。
  (编译源文件“adminmainwindow.cpp”)
  
C:\Users\yangdoubao\Documents\GitHub\LibrarySystemQt\LibrarySystemQt\Book.h(1,1): warning C4828: 文件包含在偏移 0x173 处开始的字符，该字符在当前源字符集中无效(代码页 65001)。
  (编译源文件“adminmainwindow.cpp”)
  
C:\Users\yangdoubao\Documents\GitHub\LibrarySystemQt\LibrarySystemQt\Book.h(1,1): warning C4828: 文件包含在偏移 0x175 处开始的字符，该字符在当前源字符集中无效(代码页 65001)。
  (编译源文件“adminmainwindow.cpp”)
  
C:\Users\yangdoubao\Documents\GitHub\LibrarySystemQt\LibrarySystemQt\Book.h(1,1): warning C4828: 文件包含在偏移 0x176 处开始的字符，该字符在当前源字符集中无效(代码页 65001)。
  (编译源文件“adminmainwindow.cpp”)
  
C:\Users\yangdoubao\Documents\GitHub\LibrarySystemQt\LibrarySystemQt\Book.h(1,1): warning C4828: 文件包含在偏移 0x178 处开始的字符，该字符在当前源字符集中无效(代码页 65001)。
  (编译源文件“adminmainwindow.cpp”)
  
C:\Users\yangdoubao\Documents\GitHub\LibrarySystemQt\LibrarySystemQt\Book.h(1,1): warning C4828: 文件包含在偏移 0x179 处开始的字符，该字符在当前源字符集中无效(代码页 65001)。
  (编译源文件“adminmainwindow.cpp”)
  
C:\Users\yangdoubao\Documents\GitHub\LibrarySystemQt\LibrarySystemQt\Book.h(1,1): warning C4828: 文件包含在偏移 0x17d 处开始的字符，该字符在当前源字符集中无效(代码页 65001)。
  (编译源文件“adminmainwindow.cpp”)
  
C:\Users\yangdoubao\Documents\GitHub\LibrarySystemQt\LibrarySystemQt\Book.h(1,1): warning C4828: 文件包含在偏移 0x17e 处开始的字符，该字符在当前源字符集中无效(代码页 65001)。
  (编译源文件“adminmainwindow.cpp”)
  
C:\Users\yangdoubao\Documents\GitHub\LibrarySystemQt\LibrarySystemQt\Book.h(1,1): warning C4828: 文件包含在偏移 0x181 处开始的字符，该字符在当前源字符集中无效(代码页 65001)。
  (编译源文件“adminmainwindow.cpp”)
  
C:\Users\yangdoubao\Documents\GitHub\LibrarySystemQt\LibrarySystemQt\Book.h(1,1): warning C4828: 文件包含在偏移 0x182 处开始的字符，该字符在当前源字符集中无效(代码页 65001)。
  (编译源文件“adminmainwindow.cpp”)
  
C:\Users\yangdoubao\Documents\GitHub\LibrarySystemQt\LibrarySystemQt\Book.h(1,1): warning C4828: 文件包含在偏移 0x185 处开始的字符，该字符在当前源字符集中无效(代码页 65001)。
  (编译源文件“adminmainwindow.cpp”)
  
C:\Users\yangdoubao\Documents\GitHub\LibrarySystemQt\LibrarySystemQt\Book.h(1,1): warning C4828: 文件包含在偏移 0x186 处开始的字符，该字符在当前源字符集中无效(代码页 65001)。
  (编译源文件“adminmainwindow.cpp”)
  
C:\Users\yangdoubao\Documents\GitHub\LibrarySystemQt\LibrarySystemQt\Book.h(1,1): warning C4828: 文件包含在偏移 0x189 处开始的字符，该字符在当前源字符集中无效(代码页 65001)。
  (编译源文件“adminmainwindow.cpp”)
  
C:\Users\yangdoubao\Documents\GitHub\LibrarySystemQt\LibrarySystemQt\Book.h(1,1): warning C4828: 文件包含在偏移 0x18a 处开始的字符，该字符在当前源字符集中无效(代码页 65001)。
  (编译源文件“adminmainwindow.cpp”)
  
C:\Users\yangdoubao\Documents\GitHub\LibrarySystemQt\LibrarySystemQt\Book.h(1,1): warning C4828: 文件包含在偏移 0x18c 处开始的字符，该字符在当前源字符集中无效(代码页 65001)。
  (编译源文件“adminmainwindow.cpp”)
  
C:\Users\yangdoubao\Documents\GitHub\LibrarySystemQt\LibrarySystemQt\Book.h(1,1): warning C4828: 文件包含在偏移 0x18d 处开始的字符，该字符在当前源字符集中无效(代码页 65001)。
  (编译源文件“adminmainwindow.cpp”)
  
C:\Users\yangdoubao\Documents\GitHub\LibrarySystemQt\LibrarySystemQt\Book.h(1,1): warning C4828: 文件包含在偏移 0x18e 处开始的字符，该字符在当前源字符集中无效(代码页 65001)。
  (编译源文件“adminmainwindow.cpp”)
  
C:\Users\yangdoubao\Documents\GitHub\LibrarySystemQt\LibrarySystemQt\Book.h(1,1): warning C4828: 文件包含在偏移 0x1ec 处开始的字符，该字符在当前源字符集中无效(代码页 65001)。
  (编译源文件“adminmainwindow.cpp”)
  
C:\Users\yangdoubao\Documents\GitHub\LibrarySystemQt\LibrarySystemQt\Book.h(1,1): warning C4828: 文件包含在偏移 0x1ee 处开始的字符，该字符在当前源字符集中无效(代码页 65001)。
  (编译源文件“adminmainwindow.cpp”)
  
C:\Users\yangdoubao\Documents\GitHub\LibrarySystemQt\LibrarySystemQt\Book.h(1,1): warning C4828: 文件包含在偏移 0x1ef 处开始的字符，该字符在当前源字符集中无效(代码页 65001)。
  (编译源文件“adminmainwindow.cpp”)
  
C:\Users\yangdoubao\Documents\GitHub\LibrarySystemQt\LibrarySystemQt\Book.h(1,1): warning C4828: 文件包含在偏移 0x1f1 处开始的字符，该字符在当前源字符集中无效(代码页 65001)。
  (编译源文件“adminmainwindow.cpp”)
  
C:\Users\yangdoubao\Documents\GitHub\LibrarySystemQt\LibrarySystemQt\Book.h(1,1): warning C4828: 文件包含在偏移 0x1f2 处开始的字符，该字符在当前源字符集中无效(代码页 65001)。
  (编译源文件“adminmainwindow.cpp”)
  
C:\Users\yangdoubao\Documents\GitHub\LibrarySystemQt\LibrarySystemQt\Book.h(1,1): warning C4828: 文件包含在偏移 0x1f4 处开始的字符，该字符在当前源字符集中无效(代码页 65001)。
  (编译源文件“adminmainwindow.cpp”)
  
C:\Users\yangdoubao\Documents\GitHub\LibrarySystemQt\LibrarySystemQt\Book.h(1,1): warning C4828: 文件包含在偏移 0x1f5 处开始的字符，该字符在当前源字符集中无效(代码页 65001)。
  (编译源文件“adminmainwindow.cpp”)
  
C:\Users\yangdoubao\Documents\GitHub\LibrarySystemQt\LibrarySystemQt\Book.h(1,1): warning C4828: 文件包含在偏移 0x1f6 处开始的字符，该字符在当前源字符集中无效(代码页 65001)。
  (编译源文件“adminmainwindow.cpp”)
  
C:\Users\yangdoubao\Documents\GitHub\LibrarySystemQt\LibrarySystemQt\Book.h(1,1): warning C4828: 文件包含在偏移 0x228 处开始的字符，该字符在当前源字符集中无效(代码页 65001)。
  (编译源文件“adminmainwindow.cpp”)
  
C:\Users\yangdoubao\Documents\GitHub\LibrarySystemQt\LibrarySystemQt\Book.h(1,1): warning C4828: 文件包含在偏移 0x229 处开始的字符，该字符在当前源字符集中无效(代码页 65001)。
  (编译源文件“adminmainwindow.cpp”)
  
C:\Users\yangdoubao\Documents\GitHub\LibrarySystemQt\LibrarySystemQt\Book.h(1,1): warning C4828: 文件包含在偏移 0x22c 处开始的字符，该字符在当前源字符集中无效(代码页 65001)。
  (编译源文件“adminmainwindow.cpp”)
  
C:\Users\yangdoubao\Documents\GitHub\LibrarySystemQt\LibrarySystemQt\Book.h(1,1): warning C4828: 文件包含在偏移 0x22e 处开始的字符，该字符在当前源字符集中无效(代码页 65001)。
  (编译源文件“adminmainwindow.cpp”)
  
C:\Users\yangdoubao\Documents\GitHub\LibrarySystemQt\LibrarySystemQt\Book.h(1,1): warning C4828: 文件包含在偏移 0x22f 处开始的字符，该字符在当前源字符集中无效(代码页 65001)。
  (编译源文件“adminmainwindow.cpp”)
  
C:\Users\yangdoubao\Documents\GitHub\LibrarySystemQt\LibrarySystemQt\Book.h(1,1): warning C4828: 文件包含在偏移 0x230 处开始的字符，该字符在当前源字符集中无效(代码页 65001)。
  (编译源文件“adminmainwindow.cpp”)
  
C:\Users\yangdoubao\Documents\GitHub\LibrarySystemQt\LibrarySystemQt\Book.h(1,1): warning C4828: 文件包含在偏移 0x262 处开始的字符，该字符在当前源字符集中无效(代码页 65001)。
  (编译源文件“adminmainwindow.cpp”)
  
C:\Users\yangdoubao\Documents\GitHub\LibrarySystemQt\LibrarySystemQt\Book.h(1,1): warning C4828: 文件包含在偏移 0x264 处开始的字符，该字符在当前源字符集中无效(代码页 65001)。
  (编译源文件“adminmainwindow.cpp”)
  
C:\Users\yangdoubao\Documents\GitHub\LibrarySystemQt\LibrarySystemQt\Book.h(1,1): warning C4828: 文件包含在偏移 0x265 处开始的字符，该字符在当前源字符集中无效(代码页 65001)。
  (编译源文件“adminmainwindow.cpp”)
  
C:\Users\yangdoubao\Documents\GitHub\LibrarySystemQt\LibrarySystemQt\Book.h(1,1): warning C4828: 文件包含在偏移 0x267 处开始的字符，该字符在当前源字符集中无效(代码页 65001)。
  (编译源文件“adminmainwindow.cpp”)
  
C:\Users\yangdoubao\Documents\GitHub\LibrarySystemQt\LibrarySystemQt\Book.h(1,1): warning C4828: 文件包含在偏移 0x268 处开始的字符，该字符在当前源字符集中无效(代码页 65001)。
  (编译源文件“adminmainwindow.cpp”)
  
C:\Users\yangdoubao\Documents\GitHub\LibrarySystemQt\LibrarySystemQt\Book.h(1,1): warning C4828: 文件包含在偏移 0x26a 处开始的字符，该字符在当前源字符集中无效(代码页 65001)。
  (编译源文件“adminmainwindow.cpp”)
  
C:\Users\yangdoubao\Documents\GitHub\LibrarySystemQt\LibrarySystemQt\Book.h(1,1): warning C4828: 文件包含在偏移 0x26b 处开始的字符，该字符在当前源字符集中无效(代码页 65001)。
  (编译源文件“adminmainwindow.cpp”)
  
C:\Users\yangdoubao\Documents\GitHub\LibrarySystemQt\LibrarySystemQt\Book.h(1,1): warning C4828: 文件包含在偏移 0x26c 处开始的字符，该字符在当前源字符集中无效(代码页 65001)。
  (编译源文件“adminmainwindow.cpp”)
  
C:\Users\yangdoubao\Documents\GitHub\LibrarySystemQt\LibrarySystemQt\Book.h(1,1): warning C4828: 文件包含在偏移 0x2af 处开始的字符，该字符在当前源字符集中无效(代码页 65001)。
  (编译源文件“adminmainwindow.cpp”)
  
C:\Users\yangdoubao\Documents\GitHub\LibrarySystemQt\LibrarySystemQt\Book.h(1,1): warning C4828: 文件包含在偏移 0x2b0 处开始的字符，该字符在当前源字符集中无效(代码页 65001)。
  (编译源文件“adminmainwindow.cpp”)
  
C:\Users\yangdoubao\Documents\GitHub\LibrarySystemQt\LibrarySystemQt\Book.h(1,1): warning C4828: 文件包含在偏移 0x2b5 处开始的字符，该字符在当前源字符集中无效(代码页 65001)。
  (编译源文件“adminmainwindow.cpp”)
  
C:\Users\yangdoubao\Documents\GitHub\LibrarySystemQt\LibrarySystemQt\Book.h(1,1): warning C4828: 文件包含在偏移 0x2b7 处开始的字符，该字符在当前源字符集中无效(代码页 65001)。
  (编译源文件“adminmainwindow.cpp”)
  
C:\Users\yangdoubao\Documents\GitHub\LibrarySystemQt\LibrarySystemQt\Book.h(1,1): warning C4828: 文件包含在偏移 0x2b8 处开始的字符，该字符在当前源字符集中无效(代码页 65001)。
  (编译源文件“adminmainwindow.cpp”)
  
C:\Users\yangdoubao\Documents\GitHub\LibrarySystemQt\LibrarySystemQt\Book.h(1,1): warning C4828: 文件包含在偏移 0x2b9 处开始的字符，该字符在当前源字符集中无效(代码页 65001)。
  (编译源文件“adminmainwindow.cpp”)
  
C:\Users\yangdoubao\Documents\GitHub\LibrarySystemQt\LibrarySystemQt\File.h(1,1): warning C4828: 文件包含在偏移 0xd3 处开始的字符，该字符在当前源字符集中无效(代码页 65001)。
  (编译源文件“adminmainwindow.cpp”)
  
C:\Users\yangdoubao\Documents\GitHub\LibrarySystemQt\LibrarySystemQt\File.h(1,1): warning C4828: 文件包含在偏移 0xd4 处开始的字符，该字符在当前源字符集中无效(代码页 65001)。
  (编译源文件“adminmainwindow.cpp”)
  
C:\Users\yangdoubao\Documents\GitHub\LibrarySystemQt\LibrarySystemQt\File.h(1,1): warning C4828: 文件包含在偏移 0xd7 处开始的字符，该字符在当前源字符集中无效(代码页 65001)。
  (编译源文件“adminmainwindow.cpp”)
  
C:\Users\yangdoubao\Documents\GitHub\LibrarySystemQt\LibrarySystemQt\File.h(1,1): warning C4828: 文件包含在偏移 0xd9 处开始的字符，该字符在当前源字符集中无效(代码页 65001)。
  (编译源文件“adminmainwindow.cpp”)
  
C:\Users\yangdoubao\Documents\GitHub\LibrarySystemQt\LibrarySystemQt\File.h(1,1): warning C4828: 文件包含在偏移 0xda 处开始的字符，该字符在当前源字符集中无效(代码页 65001)。
  (编译源文件“adminmainwindow.cpp”)
  
C:\Users\yangdoubao\Documents\GitHub\LibrarySystemQt\LibrarySystemQt\File.h(1,1): warning C4828: 文件包含在偏移 0xdb 处开始的字符，该字符在当前源字符集中无效(代码页 65001)。
  (编译源文件“adminmainwindow.cpp”)
  
C:\Users\yangdoubao\Documents\GitHub\LibrarySystemQt\LibrarySystemQt\File.h(1,1): warning C4828: 文件包含在偏移 0xdc 处开始的字符，该字符在当前源字符集中无效(代码页 65001)。
  (编译源文件“adminmainwindow.cpp”)
  
C:\Users\yangdoubao\Documents\GitHub\LibrarySystemQt\LibrarySystemQt\File.h(1,1): warning C4828: 文件包含在偏移 0xdd 处开始的字符，该字符在当前源字符集中无效(代码页 65001)。
  (编译源文件“adminmainwindow.cpp”)
  
C:\Users\yangdoubao\Documents\GitHub\LibrarySystemQt\LibrarySystemQt\File.h(1,1): warning C4828: 文件包含在偏移 0xde 处开始的字符，该字符在当前源字符集中无效(代码页 65001)。
  (编译源文件“adminmainwindow.cpp”)
  
C:\Users\yangdoubao\Documents\GitHub\LibrarySystemQt\LibrarySystemQt\File.h(1,1): warning C4828: 文件包含在偏移 0xe0 处开始的字符，该字符在当前源字符集中无效(代码页 65001)。
  (编译源文件“adminmainwindow.cpp”)
  
C:\Users\yangdoubao\Documents\GitHub\LibrarySystemQt\LibrarySystemQt\File.h(1,1): warning C4828: 文件包含在偏移 0xe1 处开始的字符，该字符在当前源字符集中无效(代码页 65001)。
  (编译源文件“adminmainwindow.cpp”)
  
C:\Users\yangdoubao\Documents\GitHub\LibrarySystemQt\LibrarySystemQt\File.h(1,1): warning C4828: 文件包含在偏移 0xe2 处开始的字符，该字符在当前源字符集中无效(代码页 65001)。
  (编译源文件“adminmainwindow.cpp”)
  
C:\Users\yangdoubao\Documents\GitHub\LibrarySystemQt\LibrarySystemQt\File.h(1,1): warning C4828: 文件包含在偏移 0xe7 处开始的字符，该字符在当前源字符集中无效(代码页 65001)。
  (编译源文件“adminmainwindow.cpp”)
  
C:\Users\yangdoubao\Documents\GitHub\LibrarySystemQt\LibrarySystemQt\File.h(1,1): warning C4828: 文件包含在偏移 0x122 处开始的字符，该字符在当前源字符集中无效(代码页 65001)。
  (编译源文件“adminmainwindow.cpp”)
  
C:\Users\yangdoubao\Documents\GitHub\LibrarySystemQt\LibrarySystemQt\File.h(1,1): warning C4828: 文件包含在偏移 0x123 处开始的字符，该字符在当前源字符集中无效(代码页 65001)。
  (编译源文件“adminmainwindow.cpp”)
  
C:\Users\yangdoubao\Documents\GitHub\LibrarySystemQt\LibrarySystemQt\File.h(1,1): warning C4828: 文件包含在偏移 0x124 处开始的字符，该字符在当前源字符集中无效(代码页 65001)。
  (编译源文件“adminmainwindow.cpp”)
  
C:\Users\yangdoubao\Documents\GitHub\LibrarySystemQt\LibrarySystemQt\File.h(1,1): warning C4828: 文件包含在偏移 0x125 处开始的字符，该字符在当前源字符集中无效(代码页 65001)。
  (编译源文件“adminmainwindow.cpp”)
  
C:\Users\yangdoubao\Documents\GitHub\LibrarySystemQt\LibrarySystemQt\File.h(1,1): warning C4828: 文件包含在偏移 0x126 处开始的字符，该字符在当前源字符集中无效(代码页 65001)。
  (编译源文件“adminmainwindow.cpp”)
  
C:\Users\yangdoubao\Documents\GitHub\LibrarySystemQt\LibrarySystemQt\File.h(1,1): warning C4828: 文件包含在偏移 0x127 处开始的字符，该字符在当前源字符集中无效(代码页 65001)。
  (编译源文件“adminmainwindow.cpp”)
  
C:\Users\yangdoubao\Documents\GitHub\LibrarySystemQt\LibrarySystemQt\File.h(1,1): warning C4828: 文件包含在偏移 0x12a 处开始的字符，该字符在当前源字符集中无效(代码页 65001)。
  (编译源文件“adminmainwindow.cpp”)
  
C:\Users\yangdoubao\Documents\GitHub\LibrarySystemQt\LibrarySystemQt\File.h(1,1): warning C4828: 文件包含在偏移 0x12c 处开始的字符，该字符在当前源字符集中无效(代码页 65001)。
  (编译源文件“adminmainwindow.cpp”)
  
C:\Users\yangdoubao\Documents\GitHub\LibrarySystemQt\LibrarySystemQt\File.h(1,1): warning C4828: 文件包含在偏移 0x12e 处开始的字符，该字符在当前源字符集中无效(代码页 65001)。
  (编译源文件“adminmainwindow.cpp”)
  
C:\Users\yangdoubao\Documents\GitHub\LibrarySystemQt\LibrarySystemQt\File.h(1,1): warning C4828: 文件包含在偏移 0x12f 处开始的字符，该字符在当前源字符集中无效(代码页 65001)。
  (编译源文件“adminmainwindow.cpp”)
  
C:\Users\yangdoubao\Documents\GitHub\LibrarySystemQt\LibrarySystemQt\File.h(1,1): warning C4828: 文件包含在偏移 0x162 处开始的字符，该字符在当前源字符集中无效(代码页 65001)。
  (编译源文件“adminmainwindow.cpp”)
  
C:\Users\yangdoubao\Documents\GitHub\LibrarySystemQt\LibrarySystemQt\File.h(1,1): warning C4828: 文件包含在偏移 0x163 处开始的字符，该字符在当前源字符集中无效(代码页 65001)。
  (编译源文件“adminmainwindow.cpp”)
  
C:\Users\yangdoubao\Documents\GitHub\LibrarySystemQt\LibrarySystemQt\File.h(1,1): warning C4828: 文件包含在偏移 0x166 处开始的字符，该字符在当前源字符集中无效(代码页 65001)。
  (编译源文件“adminmainwindow.cpp”)
  
C:\Users\yangdoubao\Documents\GitHub\LibrarySystemQt\LibrarySystemQt\File.h(1,1): warning C4828: 文件包含在偏移 0x168 处开始的字符，该字符在当前源字符集中无效(代码页 65001)。
  (编译源文件“adminmainwindow.cpp”)
  
C:\Users\yangdoubao\Documents\GitHub\LibrarySystemQt\LibrarySystemQt\File.h(1,1): warning C4828: 文件包含在偏移 0x169 处开始的字符，该字符在当前源字符集中无效(代码页 65001)。
  (编译源文件“adminmainwindow.cpp”)
  
C:\Users\yangdoubao\Documents\GitHub\LibrarySystemQt\LibrarySystemQt\File.h(1,1): warning C4828: 文件包含在偏移 0x16a 处开始的字符，该字符在当前源字符集中无效(代码页 65001)。
  (编译源文件“adminmainwindow.cpp”)
  
C:\Users\yangdoubao\Documents\GitHub\LibrarySystemQt\LibrarySystemQt\File.h(1,1): warning C4828: 文件包含在偏移 0x16b 处开始的字符，该字符在当前源字符集中无效(代码页 65001)。
  (编译源文件“adminmainwindow.cpp”)
  
C:\Users\yangdoubao\Documents\GitHub\LibrarySystemQt\LibrarySystemQt\File.h(1,1): warning C4828: 文件包含在偏移 0x16c 处开始的字符，该字符在当前源字符集中无效(代码页 65001)。
  (编译源文件“adminmainwindow.cpp”)
  
C:\Users\yangdoubao\Documents\GitHub\LibrarySystemQt\LibrarySystemQt\File.h(1,1): warning C4828: 文件包含在偏移 0x16d 处开始的字符，该字符在当前源字符集中无效(代码页 65001)。
  (编译源文件“adminmainwindow.cpp”)
  
C:\Users\yangdoubao\Documents\GitHub\LibrarySystemQt\LibrarySystemQt\File.h(1,1): warning C4828: 文件包含在偏移 0x16f 处开始的字符，该字符在当前源字符集中无效(代码页 65001)。
  (编译源文件“adminmainwindow.cpp”)
  
C:\Users\yangdoubao\Documents\GitHub\LibrarySystemQt\LibrarySystemQt\File.h(1,1): warning C4828: 文件包含在偏移 0x170 处开始的字符，该字符在当前源字符集中无效(代码页 65001)。
  (编译源文件“adminmainwindow.cpp”)
  
C:\Users\yangdoubao\Documents\GitHub\LibrarySystemQt\LibrarySystemQt\File.h(1,1): warning C4828: 文件包含在偏移 0x171 处开始的字符，该字符在当前源字符集中无效(代码页 65001)。
  (编译源文件“adminmainwindow.cpp”)
  
C:\Users\yangdoubao\Documents\GitHub\LibrarySystemQt\LibrarySystemQt\File.h(1,1): warning C4828: 文件包含在偏移 0x176 处开始的字符，该字符在当前源字符集中无效(代码页 65001)。
  (编译源文件“adminmainwindow.cpp”)
  
C:\Users\yangdoubao\Documents\GitHub\LibrarySystemQt\LibrarySystemQt\File.h(1,1): warning C4828: 文件包含在偏移 0x1b1 处开始的字符，该字符在当前源字符集中无效(代码页 65001)。
  (编译源文件“adminmainwindow.cpp”)
  
C:\Users\yangdoubao\Documents\GitHub\LibrarySystemQt\LibrarySystemQt\File.h(1,1): warning C4828: 文件包含在偏移 0x1b2 处开始的字符，该字符在当前源字符集中无效(代码页 65001)。
  (编译源文件“adminmainwindow.cpp”)
  
C:\Users\yangdoubao\Documents\GitHub\LibrarySystemQt\LibrarySystemQt\File.h(1,1): warning C4828: 文件包含在偏移 0x1b3 处开始的字符，该字符在当前源字符集中无效(代码页 65001)。
  (编译源文件“adminmainwindow.cpp”)
  
C:\Users\yangdoubao\Documents\GitHub\LibrarySystemQt\LibrarySystemQt\File.h(1,1): warning C4828: 文件包含在偏移 0x1b4 处开始的字符，该字符在当前源字符集中无效(代码页 65001)。
  (编译源文件“adminmainwindow.cpp”)
  
C:\Users\yangdoubao\Documents\GitHub\LibrarySystemQt\LibrarySystemQt\File.h(1,1): warning C4828: 文件包含在偏移 0x1b5 处开始的字符，该字符在当前源字符集中无效(代码页 65001)。
  (编译源文件“adminmainwindow.cpp”)
  
C:\Users\yangdoubao\Documents\GitHub\LibrarySystemQt\LibrarySystemQt\File.h(1,1): warning C4828: 文件包含在偏移 0x1b6 处开始的字符，该字符在当前源字符集中无效(代码页 65001)。
  (编译源文件“adminmainwindow.cpp”)
  
C:\Users\yangdoubao\Documents\GitHub\LibrarySystemQt\LibrarySystemQt\File.h(1,1): warning C4828: 文件包含在偏移 0x1b9 处开始的字符，该字符在当前源字符集中无效(代码页 65001)。
  (编译源文件“adminmainwindow.cpp”)
  
C:\Users\yangdoubao\Documents\GitHub\LibrarySystemQt\LibrarySystemQt\File.h(1,1): warning C4828: 文件包含在偏移 0x1bb 处开始的字符，该字符在当前源字符集中无效(代码页 65001)。
  (编译源文件“adminmainwindow.cpp”)
  
C:\Users\yangdoubao\Documents\GitHub\LibrarySystemQt\LibrarySystemQt\File.h(1,1): warning C4828: 文件包含在偏移 0x1bd 处开始的字符，该字符在当前源字符集中无效(代码页 65001)。
  (编译源文件“adminmainwindow.cpp”)
  
C:\Users\yangdoubao\Documents\GitHub\LibrarySystemQt\LibrarySystemQt\File.h(1,1): warning C4828: 文件包含在偏移 0x1be 处开始的字符，该字符在当前源字符集中无效(代码页 65001)。
  (编译源文件“adminmainwindow.cpp”)
  
C:\Users\yangdoubao\Documents\GitHub\LibrarySystemQt\LibrarySystemQt\File.h(1,1): warning C4828: 文件包含在偏移 0x1f3 处开始的字符，该字符在当前源字符集中无效(代码页 65001)。
  (编译源文件“adminmainwindow.cpp”)
  
C:\Users\yangdoubao\Documents\GitHub\LibrarySystemQt\LibrarySystemQt\File.h(1,1): warning C4828: 文件包含在偏移 0x1f4 处开始的字符，该字符在当前源字符集中无效(代码页 65001)。
  (编译源文件“adminmainwindow.cpp”)
  
C:\Users\yangdoubao\Documents\GitHub\LibrarySystemQt\LibrarySystemQt\File.h(1,1): warning C4828: 文件包含在偏移 0x1f7 处开始的字符，该字符在当前源字符集中无效(代码页 65001)。
  (编译源文件“adminmainwindow.cpp”)
  
C:\Users\yangdoubao\Documents\GitHub\LibrarySystemQt\LibrarySystemQt\File.h(1,1): warning C4828: 文件包含在偏移 0x1f9 处开始的字符，该字符在当前源字符集中无效(代码页 65001)。
  (编译源文件“adminmainwindow.cpp”)
  
C:\Users\yangdoubao\Documents\GitHub\LibrarySystemQt\LibrarySystemQt\File.h(1,1): warning C4828: 文件包含在偏移 0x1fa 处开始的字符，该字符在当前源字符集中无效(代码页 65001)。
  (编译源文件“adminmainwindow.cpp”)
  
C:\Users\yangdoubao\Documents\GitHub\LibrarySystemQt\LibrarySystemQt\File.h(1,1): warning C4828: 文件包含在偏移 0x1fb 处开始的字符，该字符在当前源字符集中无效(代码页 65001)。
  (编译源文件“adminmainwindow.cpp”)
  
C:\Users\yangdoubao\Documents\GitHub\LibrarySystemQt\LibrarySystemQt\File.h(1,1): warning C4828: 文件包含在偏移 0x1fc 处开始的字符，该字符在当前源字符集中无效(代码页 65001)。
  (编译源文件“adminmainwindow.cpp”)
  
C:\Users\yangdoubao\Documents\GitHub\LibrarySystemQt\LibrarySystemQt\File.h(1,1): warning C4828: 文件包含在偏移 0x1fd 处开始的字符，该字符在当前源字符集中无效(代码页 65001)。
  (编译源文件“adminmainwindow.cpp”)
  
C:\Users\yangdoubao\Documents\GitHub\LibrarySystemQt\LibrarySystemQt\File.h(1,1): warning C4828: 文件包含在偏移 0x1fe 处开始的字符，该字符在当前源字符集中无效(代码页 65001)。
  (编译源文件“adminmainwindow.cpp”)
  
C:\Users\yangdoubao\Documents\GitHub\LibrarySystemQt\LibrarySystemQt\File.h(1,1): warning C4828: 文件包含在偏移 0x200 处开始的字符，该字符在当前源字符集中无效(代码页 65001)。
  (编译源文件“adminmainwindow.cpp”)
  
C:\Users\yangdoubao\Documents\GitHub\LibrarySystemQt\LibrarySystemQt\File.h(1,1): warning C4828: 文件包含在偏移 0x201 处开始的字符，该字符在当前源字符集中无效(代码页 65001)。
  (编译源文件“adminmainwindow.cpp”)
  
C:\Users\yangdoubao\Documents\GitHub\LibrarySystemQt\LibrarySystemQt\File.h(1,1): warning C4828: 文件包含在偏移 0x202 处开始的字符，该字符在当前源字符集中无效(代码页 65001)。
  (编译源文件“adminmainwindow.cpp”)
  
C:\Users\yangdoubao\Documents\GitHub\LibrarySystemQt\LibrarySystemQt\File.h(1,1): warning C4828: 文件包含在偏移 0x207 处开始的字符，该字符在当前源字符集中无效(代码页 65001)。
  (编译源文件“adminmainwindow.cpp”)
  
C:\Users\yangdoubao\Documents\GitHub\LibrarySystemQt\LibrarySystemQt\File.h(1,1): warning C4828: 文件包含在偏移 0x243 处开始的字符，该字符在当前源字符集中无效(代码页 65001)。
  (编译源文件“adminmainwindow.cpp”)
  
C:\Users\yangdoubao\Documents\GitHub\LibrarySystemQt\LibrarySystemQt\File.h(1,1): warning C4828: 文件包含在偏移 0x244 处开始的字符，该字符在当前源字符集中无效(代码页 65001)。
  (编译源文件“adminmainwindow.cpp”)
  
C:\Users\yangdoubao\Documents\GitHub\LibrarySystemQt\LibrarySystemQt\File.h(1,1): warning C4828: 文件包含在偏移 0x245 处开始的字符，该字符在当前源字符集中无效(代码页 65001)。
  (编译源文件“adminmainwindow.cpp”)
  
C:\Users\yangdoubao\Documents\GitHub\LibrarySystemQt\LibrarySystemQt\File.h(1,1): warning C4828: 文件包含在偏移 0x246 处开始的字符，该字符在当前源字符集中无效(代码页 65001)。
  (编译源文件“adminmainwindow.cpp”)
  
C:\Users\yangdoubao\Documents\GitHub\LibrarySystemQt\LibrarySystemQt\File.h(1,1): warning C4828: 文件包含在偏移 0x247 处开始的字符，该字符在当前源字符集中无效(代码页 65001)。
  (编译源文件“adminmainwindow.cpp”)
  
C:\Users\yangdoubao\Documents\GitHub\LibrarySystemQt\LibrarySystemQt\File.h(1,1): warning C4828: 文件包含在偏移 0x248 处开始的字符，该字符在当前源字符集中无效(代码页 65001)。
  (编译源文件“adminmainwindow.cpp”)
  
C:\Users\yangdoubao\Documents\GitHub\LibrarySystemQt\LibrarySystemQt\File.h(1,1): warning C4828: 文件包含在偏移 0x24b 处开始的字符，该字符在当前源字符集中无效(代码页 65001)。
  (编译源文件“adminmainwindow.cpp”)
  
C:\Users\yangdoubao\Documents\GitHub\LibrarySystemQt\LibrarySystemQt\File.h(1,1): warning C4828: 文件包含在偏移 0x24d 处开始的字符，该字符在当前源字符集中无效(代码页 65001)。
  (编译源文件“adminmainwindow.cpp”)
  
C:\Users\yangdoubao\Documents\GitHub\LibrarySystemQt\LibrarySystemQt\File.h(1,1): warning C4828: 文件包含在偏移 0x24f 处开始的字符，该字符在当前源字符集中无效(代码页 65001)。
  (编译源文件“adminmainwindow.cpp”)
  
C:\Users\yangdoubao\Documents\GitHub\LibrarySystemQt\LibrarySystemQt\File.h(1,1): warning C4828: 文件包含在偏移 0x250 处开始的字符，该字符在当前源字符集中无效(代码页 65001)。
  (编译源文件“adminmainwindow.cpp”)
  
C:\Users\yangdoubao\Documents\GitHub\LibrarySystemQt\LibrarySystemQt\adminmainwindow.cpp(68,5): error C2059: 语法错误:“while”
C:\Users\yangdoubao\Documents\GitHub\LibrarySystemQt\LibrarySystemQt\adminmainwindow.cpp(68,18): error C2143: 语法错误: 缺少“;”(在“{”的前面)
